2019-09-24 16:38:14 INFO  OpenTest:27 - Starting CHROME browser ...
2019-09-24 16:45:08 INFO  OpenTest:27 - Starting PARAM-VAL-NOT-FOUND browser ...
2019-09-25 15:46:59 INFO  OpenTest:27 - Starting CHROME browser ...
2019-09-25 15:47:09 INFO  OpenTest:34 - Starting Chrome
2019-09-25 15:47:21 INFO  CapsuleLoginTest:42 - Login Successful
2019-09-25 15:51:50 INFO  OpenTest:27 - Starting CHROME browser ...
2019-09-25 15:51:57 INFO  OpenTest:34 - Starting Chrome
2019-09-25 15:52:06 INFO  CapsuleLoginTest:42 - Login Successful
2019-09-25 16:02:48 INFO  OpenTest:29 - Starting CHROME browser ...
2019-09-25 16:10:02 INFO  OpenTest:29 - Starting CHROME browser ...
2019-09-25 16:10:07 INFO  OpenTest:34 - Starting Chrome
2019-09-25 16:10:16 INFO  CapsuleLoginTest:42 - Login Successful
2019-09-25 16:51:46 INFO  OpenTest:29 - Starting CHROME browser ...
2019-09-25 16:51:50 INFO  OpenTest:34 - Starting Chrome
2019-09-25 16:51:55 INFO  CapsuleLoginTest:42 - Login Successful
2019-09-25 17:03:47 INFO  OpenTest:29 - Starting CHROME browser ...
2019-09-25 17:03:52 INFO  OpenTest:34 - Starting Chrome
2019-09-25 17:03:56 INFO  CapsuleLoginTest:42 - Login Successful
2019-09-25 17:06:20 INFO  OpenTest:29 - Starting CHROME browser ...
2019-09-25 17:06:24 INFO  OpenTest:34 - Starting Chrome
2019-09-25 17:06:29 INFO  CapsuleLoginTest:42 - Login Successful
2019-09-25 17:16:25 INFO  OpenTest:29 - Starting CHROME browser ...
2019-09-25 17:16:30 INFO  OpenTest:34 - Starting Chrome
2019-09-25 17:16:35 INFO  CapsuleLoginTest:42 - Login Successful
2019-09-25 18:28:24 INFO  OpenTest:29 - Starting CHROME browser ...
2019-09-25 18:28:24 INFO  OpenTest:29 - Starting CHROME browser ...
2019-09-25 18:28:30 INFO  OpenTest:34 - Starting Chrome
2019-09-25 18:28:30 INFO  OpenTest:34 - Starting Chrome
2019-09-25 18:28:38 INFO  CapsuleLoginTest:42 - Login Successful
2019-09-25 18:28:38 INFO  CapsuleLoginTest:42 - Login Successful
2019-09-25 18:31:41 INFO  OpenTest:29 - Starting CHROME browser ...
2019-09-25 18:31:46 INFO  OpenTest:34 - Starting Chrome
2019-09-25 18:31:51 INFO  CapsuleLoginTest:42 - Login Successful
2019-09-26 13:14:46 INFO  OpenTest:29 - Starting CHROME browser ...
2019-09-26 13:14:52 INFO  OpenTest:34 - Starting Chrome
2019-09-26 13:15:25 INFO  CapsuleLoginTest:42 - Login Successful
2019-09-26 16:29:35 INFO  OpenTest:29 - Starting CHROME browser ...
2019-09-26 16:29:39 INFO  OpenTest:34 - Starting Chrome
2019-09-26 16:29:45 INFO  CapsuleLoginTest:42 - Login Successful
2019-09-26 16:30:41 INFO  OpenTest:29 - Starting CHROME browser ...
2019-09-26 16:30:45 INFO  OpenTest:34 - Starting Chrome
2019-09-26 16:30:52 INFO  CapsuleLoginTest:42 - Login Successful
2019-09-26 16:31:02 INFO  NewPerson:141 - New Person added successfully
2019-09-26 16:41:56 INFO  OpenTest:29 - Starting CHROME browser ...
2019-09-26 16:42:01 INFO  OpenTest:34 - Starting Chrome
2019-09-26 16:42:07 INFO  CapsuleLoginTest:42 - Login Successful
2019-09-26 16:42:18 INFO  NewPerson:141 - New Person added successfully
2019-09-26 16:42:24 INFO  NewCase:64 - New Case added successfully
2019-09-26 16:52:35 INFO  OpenTest:29 - Starting CHROME browser ...
2019-09-26 16:52:40 INFO  OpenTest:34 - Starting Chrome
2019-09-26 16:52:45 INFO  CapsuleLoginTest:42 - Login Successful
2019-09-26 16:52:59 INFO  NewPerson:141 - New Person added successfully
2019-09-26 16:53:05 INFO  NewCase:64 - New Case added successfully
2019-09-27 12:53:27 INFO  OpenTest:29 - Starting CHROME browser ...
2019-09-27 12:53:32 INFO  OpenTest:34 - Starting Chrome
2019-09-27 12:54:06 INFO  CapsuleLoginTest:42 - Login Successful
2019-09-27 12:54:19 INFO  NewPerson:141 - New Person added successfully
2019-09-27 12:54:24 INFO  NewCase:64 - New Case added successfully
2019-09-27 15:22:21 INFO  OpenTest:29 - Starting CHROME browser ...
2019-09-27 15:22:33 INFO  OpenTest:34 - Starting Chrome
2019-09-27 15:22:46 INFO  CapsuleLoginTest:42 - Login Successful
2019-09-27 15:23:16 INFO  NewPerson:141 - New Person added successfully
2019-09-27 15:23:27 INFO  NewCase:64 - New Case added successfully
2019-09-30 16:25:06 INFO  OpenTest:35 - Starting CHROME browser ...
2019-09-30 16:25:14 INFO  OpenTest:29 - Starting Chrome
2019-09-30 16:25:22 INFO  CapsuleLoginTest:42 - Login Successful
2019-09-30 16:25:35 INFO  NewPerson:141 - New Person added successfully
2019-09-30 16:25:40 INFO  NewCase:64 - New Case added successfully
2019-09-30 16:54:38 INFO  OpenTest:35 - Starting CHROME browser ...
2019-09-30 16:54:46 INFO  OpenTest:29 - Starting Chrome
2019-09-30 16:55:17 INFO  CapsuleLoginTest:42 - Login Successful
2019-09-30 16:55:40 INFO  NewCase:64 - New Case added successfully
2019-09-30 16:56:28 INFO  OpenTest:35 - Starting CHROME browser ...
2019-09-30 16:56:33 INFO  OpenTest:29 - Starting Chrome
2019-09-30 16:57:04 INFO  CapsuleLoginTest:42 - Login Successful
2019-09-30 16:57:13 INFO  NewPerson:141 - New Person added successfully
2019-09-30 16:57:18 INFO  NewCase:64 - New Case added successfully
2019-09-30 20:58:32 INFO  OpenTest:35 - Starting CHROME browser ...
2019-09-30 20:58:37 INFO  OpenTest:29 - Starting Chrome
2019-09-30 20:58:43 INFO  CapsuleLoginTest:42 - Login Successful
2019-09-30 20:58:53 INFO  NewPerson:141 - New Person added successfully
2019-09-30 21:07:59 INFO  OpenTest:35 - Starting CHROME browser ...
2019-09-30 21:08:04 INFO  OpenTest:29 - Starting Chrome
2019-09-30 21:08:38 INFO  CapsuleLoginTest:42 - Login Successful
2019-09-30 21:08:50 INFO  NewPerson:141 - New Person added successfully
2019-09-30 21:10:45 INFO  OpenTest:35 - Starting CHROME browser ...
2019-09-30 21:10:49 INFO  OpenTest:29 - Starting Chrome
2019-09-30 21:11:21 INFO  CapsuleLoginTest:42 - Login Successful
2019-09-30 21:11:30 INFO  NewPerson:141 - New Person added successfully
2019-09-30 21:11:35 INFO  NewCase:64 - New Case added successfully
2019-09-30 21:12:43 INFO  OpenTest:35 - Starting CHROME browser ...
2019-09-30 21:12:47 INFO  OpenTest:29 - Starting Chrome
2019-09-30 21:13:19 INFO  CapsuleLoginTest:42 - Login Successful
2019-09-30 21:13:29 INFO  NewPerson:141 - New Person added successfully
2019-09-30 21:13:34 INFO  NewCase:64 - New Case added successfully
2019-09-30 21:15:40 INFO  OpenTest:35 - Starting CHROME browser ...
2019-09-30 21:15:45 INFO  OpenTest:29 - Starting Chrome
2019-09-30 21:16:18 INFO  CapsuleLoginTest:42 - Login Successful
2019-09-30 21:16:30 INFO  NewPerson:141 - New Person added successfully
2019-09-30 21:16:36 INFO  NewCase:64 - New Case added successfully
2019-10-01 15:34:50 INFO  OpenTest:35 - Starting CHROME browser ...
2019-10-01 15:35:01 INFO  OpenTest:29 - Starting Chrome
2019-10-01 15:35:14 INFO  CapsuleLoginTest:35 - Login Successful
2019-10-01 15:35:50 INFO  NewPerson:118 - New Person added successfully
2019-10-01 15:35:59 INFO  NewCase:57 - New Case added successfully
2019-10-01 16:40:24 INFO  OpenTest:33 - Starting CHROME browser ...
2019-10-01 16:40:33 INFO  OpenTest:29 - Starting Chrome
2019-10-01 16:40:47 INFO  CapsuleLoginTest:32 - Login Successful
2019-10-01 16:41:20 INFO  NewPerson:116 - New Person added successfully
2019-10-01 16:41:29 INFO  NewCase:56 - New Case added successfully
2019-10-03 12:56:59 INFO  OpenTest:33 - Starting CHROME browser ...
2019-10-03 12:57:07 INFO  OpenTest:29 - Starting Chrome
2019-10-03 12:57:14 INFO  CapsuleLoginTest:32 - Login Successful
2019-10-03 12:57:36 INFO  NewCase:56 - New Case added successfully
2019-10-03 12:58:39 INFO  OpenTest:33 - Starting CHROME browser ...
2019-10-03 12:58:45 INFO  OpenTest:29 - Starting Chrome
2019-10-03 12:58:52 INFO  CapsuleLoginTest:32 - Login Successful
2019-10-03 12:59:13 INFO  NewCase:56 - New Case added successfully
2019-10-03 13:00:17 INFO  OpenTest:33 - Starting CHROME browser ...
2019-10-03 13:00:24 INFO  OpenTest:29 - Starting Chrome
2019-10-03 13:00:29 INFO  CapsuleLoginTest:32 - Login Successful
2019-10-03 13:00:52 INFO  NewCase:56 - New Case added successfully
2019-10-03 13:01:55 INFO  OpenTest:33 - Starting CHROME browser ...
2019-10-03 13:02:01 INFO  OpenTest:29 - Starting Chrome
2019-10-03 13:02:06 INFO  CapsuleLoginTest:32 - Login Successful
2019-10-03 13:02:18 INFO  NewPerson:116 - New Person added successfully
2019-10-03 13:02:24 INFO  NewCase:56 - New Case added successfully
2019-10-03 13:12:23 INFO  OpenTest:35 - Starting CHROME browser ...
2019-10-03 13:25:54 INFO  OpenTest:35 - Starting CHROME browser ...
2019-10-03 13:27:03 INFO  OpenTest:35 - Starting CHROME browser ...
2019-10-03 13:53:16 INFO  OpenTest:35 - Starting CHROME browser ...
2019-10-03 13:53:16 INFO  OpenTest:35 - Starting CHROME browser ...
2019-10-03 14:58:26 INFO  OpenTest:35 - Starting CHROME browser ...
2019-10-03 17:42:50 INFO  OpenTest:35 - Starting CHROME browser ...
2019-10-03 18:11:01 INFO  OpenTest:35 - Starting CHROME browser ...
2019-10-03 18:11:01 INFO  OpenTest:35 - Starting CHROME browser ...
2019-10-03 18:34:30 INFO  OpenTest:35 - Starting CHROME browser ...
2019-10-04 12:57:47 INFO  OpenTest:35 - Starting CHROME browser ...
2019-10-04 12:58:10 INFO  OpenTest:35 - Starting CHROME browser ...
2019-10-04 12:59:45 INFO  OpenTest:35 - Starting CHROME browser ...
2019-10-04 12:59:52 INFO  OpenTest:29 - Starting Chrome
2019-10-04 13:00:27 INFO  CapsuleLoginTest:32 - Login Successful
2019-10-04 13:00:40 INFO  NewPerson:116 - New Person added successfully
2019-10-04 13:00:46 INFO  NewCase:56 - New Case added successfully
2019-10-04 14:49:42 INFO  OpenTest:36 - Starting CHROME browser ...
2019-10-04 14:50:33 INFO  OpenTest:36 - Starting CHROME browser ...
2019-10-04 14:50:40 INFO  OpenTest:29 - Starting Chrome
2019-10-04 14:50:48 INFO  CapsuleLoginTest:32 - Login Successful
2019-10-04 14:51:01 INFO  NewPerson:116 - New Person added successfully
2019-10-04 14:51:07 INFO  NewCase:56 - New Case added successfully
2019-10-04 14:52:06 INFO  OpenTest:36 - Starting CHROME browser ...
2019-10-04 14:52:10 INFO  OpenTest:29 - Starting Chrome
2019-10-04 14:52:16 INFO  CapsuleLoginTest:32 - Login Successful
2019-10-04 14:52:30 INFO  NewPerson:116 - New Person added successfully
2019-10-04 14:52:35 INFO  NewCase:56 - New Case added successfully
2019-10-04 15:28:39 INFO  OpenTest:33 - Starting CHROME browser ...
2019-10-04 15:28:46 INFO  OpenTest:29 - Starting Chrome
2019-10-04 15:29:25 INFO  CapsuleLoginTest:32 - Login Successful
2019-10-04 15:29:50 INFO  NewPerson:116 - New Person added successfully
2019-10-04 15:29:58 INFO  NewCase:56 - New Case added successfully
